  engine.cpp
C:\Users\diogo\Documents\GitHub\CG24\Fase3\src\engine_src\engine.cpp(143,20): warning C4018: '<': incompatibilidade de signed/unsigned
C:\Users\diogo\Documents\GitHub\CG24\Fase3\src\engine_src\engine.cpp(149,20): warning C4018: '<': incompatibilidade de signed/unsigned
C:\Users\diogo\Documents\GitHub\CG24\Fase3\src\engine_src\engine.cpp(159,20): warning C4018: '<': incompatibilidade de signed/unsigned
  grupo.cpp
  modelo.cpp
  ponto.cpp
  transformacoes.cpp
  list.cpp
  point.cpp
C:\Users\diogo\Documents\GitHub\CG24\Fase3\src\utils\point.cpp(48,16): warning C4244: 'return': conversão de 'double' para 'float', possível perda de dados
C:\Users\diogo\Documents\GitHub\CG24\Fase3\src\utils\point.cpp(62,13): warning C4244: 'inicializando': conversão de 'double' para 'float', possível perda de dados
C:\Users\diogo\Documents\GitHub\CG24\Fase3\src\utils\point.cpp(63,13): warning C4244: 'inicializando': conversão de 'double' para 'float', possível perda de dados
C:\Users\diogo\Documents\GitHub\CG24\Fase3\src\utils\point.cpp(64,13): warning C4244: 'inicializando': conversão de 'double' para 'float', possível perda de dados
  primitive.cpp
  Gerando Código...
C:\Users\diogo\Documents\GitHub\CG24\Fase3\src\utils\primitive.cpp(63,18): warning C4996: 'fopen': This function or variable may be unsafe. Consider using fopen_s instead. To disable deprecation, use _CRT_SECURE_NO_WARNINGS. See online help for details.
C:\Users\diogo\Documents\GitHub\CG24\Fase3\src\utils\primitive.cpp(85,18): warning C4996: 'fopen': This function or variable may be unsafe. Consider using fopen_s instead. To disable deprecation, use _CRT_SECURE_NO_WARNINGS. See online help for details.
C:\Users\diogo\Documents\GitHub\CG24\Fase3\src\utils\primitive.cpp(93,9): warning C4996: 'fscanf': This function or variable may be unsafe. Consider using fscanf_s instead. To disable deprecation, use _CRT_SECURE_NO_WARNINGS. See online help for details.
C:\Users\diogo\Documents\GitHub\CG24\Fase3\src\utils\primitive.cpp(101,13): warning C4996: 'fscanf': This function or variable may be unsafe. Consider using fscanf_s instead. To disable deprecation, use _CRT_SECURE_NO_WARNINGS. See online help for details.
C:\Users\diogo\Documents\GitHub\CG24\Fase3\src\engine_src\engine.cpp(343,1): warning C4715: 'readFile': nem todos os caminhos de controle retornam um valor
  LINK : C:\Users\diogo\Documents\GitHub\CG24\Fase3\src\build\Debug\engine.exe não encontrado ou não compilado pelo o último link incremental; executando link completo
  engine.vcxproj -> C:\Users\diogo\Documents\GitHub\CG24\Fase3\src\build\Debug\engine.exe
